<?xml version="1.0" encoding="UTF-8"?>
<!-- Generated by org.testng.reporters.JUnitReportReporter -->
<testsuite hostname="gsrk-HP-Pavilion-g6-Notebook-PC" failures="0" tests="1" name="TestCases.Tc_001_AccountRegisteration" time="1.133" errors="0" timestamp="2023-06-02T13:23:16 IST" skipped="0">
  <testcase classname="TestCases.Tc_001_AccountRegisteration" name="test_accountRegisteration" time="1.133"/>
  <system-out/>
</testsuite> <!-- TestCases.Tc_001_AccountRegisteration -->
