<?xml version="1.0" encoding="UTF-8"?>
<!-- Generated by org.testng.reporters.JUnitReportReporter -->
<testsuite hostname="GSRK-AI-IoT-Scientist" failures="0" tests="1" name="TestCases.Tc_001_AccountRegisteration" time="1.001" errors="0" timestamp="2023-07-23T14:17:23 IST" skipped="0">
  <testcase classname="TestCases.Tc_001_AccountRegisteration" name="test_accountRegisteration" time="1.001"/>
  <system-out/>
</testsuite> <!-- TestCases.Tc_001_AccountRegisteration -->
